<?xml version="1.0" encoding="UTF-8"?>
<!-- Generated by org.testng.reporters.JUnitReportReporter -->
<testsuite skipped="0" hostname="DESKTOP-KNHDASJ" name="com.tests.sample" tests="1" failures="0" timestamp="2022-02-02T16:02:29 IST" time="0.011" errors="0">
  <testcase name="sampleTest" time="0.011" classname="com.tests.sample"/>
  <system-out/>
</testsuite> <!-- com.tests.sample -->
